{
  "stats": {
    "suites": 4,
    "tests": 9,
    "passes": 4,
    "pending": 0,
    "failures": 5,
    "start": "2024-01-30T18:54:30.392Z",
    "end": "2024-01-30T18:55:26.590Z",
    "duration": 56198,
    "testsRegistered": 9,
    "passPercent": 44.44444444444444,
    "pendingPercent": 0,
    "other": 0,
    "hasOther": false,
    "skipped": 0,
    "hasSkipped": false
  },
  "results": [
    {
      "uuid": "38b0e716-fa89-4153-a13a-49120714bfe0",
      "title": "",
      "fullFile": "cypress/e2e/App.cy.js",
      "file": "cypress/e2e/App.cy.js",
      "beforeHooks": [],
      "afterHooks": [],
      "tests": [],
      "suites": [
        {
          "uuid": "662684c8-cc71-4867-b325-435fdbb459a9",
          "title": "1 - Crie as rotas para a aplicação",
          "fullFile": "",
          "file": "",
          "beforeHooks": [],
          "afterHooks": [],
          "tests": [
            {
              "title": "Ao entrar na rota / é renderizado apenas o componente <Users />",
              "fullTitle": "1 - Crie as rotas para a aplicação Ao entrar na rota / é renderizado apenas o componente <Users />",
              "timedOut": null,
              "duration": 860,
              "state": "passed",
              "speed": "fast",
              "pass": true,
              "fail": false,
              "pending": false,
              "context": null,
              "code": "setup();\ncy.get('[data-testid=\"users-page\"]').should('exist');\ncy.get('[data-testid$=\"-page\"]').should('have.length', 1);",
              "err": {},
              "uuid": "f04b7f0b-4a4e-4bb0-90e7-eb44c453ac12",
              "parentUUID": "662684c8-cc71-4867-b325-435fdbb459a9",
              "isHook": false,
              "skipped": false
            },
            {
              "title": "Ao entrar na rota /about é renderizado apenas o componente <About />",
              "fullTitle": "1 - Crie as rotas para a aplicação Ao entrar na rota /about é renderizado apenas o componente <About />",
              "timedOut": null,
              "duration": 466,
              "state": "passed",
              "speed": "fast",
              "pass": true,
              "fail": false,
              "pending": false,
              "context": null,
              "code": "setup('about');\ncy.get('[data-testid=\"about-page\"]').should('exist');\ncy.get('[data-testid$=\"-page\"]').should('have.length', 1);",
              "err": {},
              "uuid": "a9780bca-8ef7-48e4-81e5-6fb88af4bd03",
              "parentUUID": "662684c8-cc71-4867-b325-435fdbb459a9",
              "isHook": false,
              "skipped": false
            },
            {
              "title": "Ao entrar na rota /posts é renderizado apenas o componente <Posts />",
              "fullTitle": "1 - Crie as rotas para a aplicação Ao entrar na rota /posts é renderizado apenas o componente <Posts />",
              "timedOut": null,
              "duration": 507,
              "state": "passed",
              "speed": "fast",
              "pass": true,
              "fail": false,
              "pending": false,
              "context": null,
              "code": "setup('posts/id');\ncy.get('[data-testid=\"posts-page\"]').should('exist');\ncy.get('[data-testid$=\"-page\"]').should('have.length', 1);",
              "err": {},
              "uuid": "3e55fb1f-9722-4796-b148-183a603c9ff0",
              "parentUUID": "662684c8-cc71-4867-b325-435fdbb459a9",
              "isHook": false,
              "skipped": false
            },
            {
              "title": "Ao entrar em uma rota não existente é renderizado o componente <NotFound />",
              "fullTitle": "1 - Crie as rotas para a aplicação Ao entrar em uma rota não existente é renderizado o componente <NotFound />",
              "timedOut": null,
              "duration": 357,
              "state": "passed",
              "speed": "fast",
              "pass": true,
              "fail": false,
              "pending": false,
              "context": null,
              "code": "setup('not-found');\ncy.get('[data-testid=\"not-found-page\"]').should('exist');\ncy.get('[data-testid$=\"-page\"]').should('have.length', 1);",
              "err": {},
              "uuid": "a7b0b141-8374-4670-9b98-c14b8b187789",
              "parentUUID": "662684c8-cc71-4867-b325-435fdbb459a9",
              "isHook": false,
              "skipped": false
            }
          ],
          "suites": [],
          "passes": [
            "f04b7f0b-4a4e-4bb0-90e7-eb44c453ac12",
            "a9780bca-8ef7-48e4-81e5-6fb88af4bd03",
            "3e55fb1f-9722-4796-b148-183a603c9ff0",
            "a7b0b141-8374-4670-9b98-c14b8b187789"
          ],
          "failures": [],
          "pending": [],
          "skipped": [],
          "duration": 2190,
          "root": false,
          "rootEmpty": false,
          "_timeout": 2000
        },
        {
          "uuid": "f80e4b22-9b5e-4d28-bace-1f91504ac95d",
          "title": "2- Crie dois NavLink dentro do componente Header",
          "fullFile": "",
          "file": "",
          "beforeHooks": [],
          "afterHooks": [],
          "tests": [
            {
              "title": "O primeiro NavLink deve possuir o texto \"Home\" e a rota \"/\"",
              "fullTitle": "2- Crie dois NavLink dentro do componente Header O primeiro NavLink deve possuir o texto \"Home\" e a rota \"/\"",
              "timedOut": null,
              "duration": 10484,
              "state": "failed",
              "speed": null,
              "pass": false,
              "fail": true,
              "pending": false,
              "context": null,
              "code": "cy.get('a').contains(/home/i).should('have.attr', 'href', '/');",
              "err": {
                "message": "AssertionError: Timed out retrying after 10000ms: Expected to find element: `a`, but never found it.",
                "estack": "AssertionError: Timed out retrying after 10000ms: Expected to find element: `a`, but never found it.\n    at Context.eval (webpack://blogger/./cypress/e2e/App.cy.js:37:7)",
                "diff": null
              },
              "uuid": "572d3f8d-7fe3-4d13-ac32-35fdf6309909",
              "parentUUID": "f80e4b22-9b5e-4d28-bace-1f91504ac95d",
              "isHook": false,
              "skipped": false
            },
            {
              "title": "O segundo NavLink deve possuir o texto \"About\" e a rota \"/about\"",
              "fullTitle": "2- Crie dois NavLink dentro do componente Header O segundo NavLink deve possuir o texto \"About\" e a rota \"/about\"",
              "timedOut": null,
              "duration": 10262,
              "state": "failed",
              "speed": null,
              "pass": false,
              "fail": true,
              "pending": false,
              "context": null,
              "code": "cy.get('a').contains(/about/i).should('have.attr', 'href', '/about');",
              "err": {
                "message": "AssertionError: Timed out retrying after 10000ms: Expected to find element: `a`, but never found it.",
                "estack": "AssertionError: Timed out retrying after 10000ms: Expected to find element: `a`, but never found it.\n    at Context.eval (webpack://blogger/./cypress/e2e/App.cy.js:41:7)",
                "diff": null
              },
              "uuid": "de95e5e7-9645-4fdd-baa0-d86b66e8599d",
              "parentUUID": "f80e4b22-9b5e-4d28-bace-1f91504ac95d",
              "isHook": false,
              "skipped": false
            }
          ],
          "suites": [],
          "passes": [],
          "failures": [
            "572d3f8d-7fe3-4d13-ac32-35fdf6309909",
            "de95e5e7-9645-4fdd-baa0-d86b66e8599d"
          ],
          "pending": [],
          "skipped": [],
          "duration": 20746,
          "root": false,
          "rootEmpty": false,
          "_timeout": 2000
        },
        {
          "uuid": "9187ae59-8934-4c5c-90e8-dcc9ca067e95",
          "title": "3 - Crie um link para a página de posts de um usuário",
          "fullFile": "",
          "file": "",
          "beforeHooks": [],
          "afterHooks": [],
          "tests": [
            {
              "title": "O link deve possuir o texto \"Posts\" e a rota \"/posts/id\"",
              "fullTitle": "3 - Crie um link para a página de posts de um usuário O link deve possuir o texto \"Posts\" e a rota \"/posts/id\"",
              "timedOut": null,
              "duration": 10319,
              "state": "failed",
              "speed": null,
              "pass": false,
              "fail": true,
              "pending": false,
              "context": null,
              "code": "for (let id = 1; id <= _data.users.length; id++) {\n  cy.get(`a[href=\"/posts/${id}\"]`).should('exist');\n}",
              "err": {
                "message": "AssertionError: Timed out retrying after 10000ms: Expected to find element: `a[href=\"/posts/1\"]`, but never found it.",
                "estack": "AssertionError: Timed out retrying after 10000ms: Expected to find element: `a[href=\"/posts/1\"]`, but never found it.\n    at Context.eval (webpack://blogger/./cypress/e2e/App.cy.js:50:39)",
                "diff": null
              },
              "uuid": "0e15baa7-fbe2-41ed-a53f-0d15618d17b7",
              "parentUUID": "9187ae59-8934-4c5c-90e8-dcc9ca067e95",
              "isHook": false,
              "skipped": false
            }
          ],
          "suites": [],
          "passes": [],
          "failures": [
            "0e15baa7-fbe2-41ed-a53f-0d15618d17b7"
          ],
          "pending": [],
          "skipped": [],
          "duration": 10319,
          "root": false,
          "rootEmpty": false,
          "_timeout": 2000
        },
        {
          "uuid": "a46e2f83-cbe9-4e8b-af24-d0d7b142d277",
          "title": "4 - Exiba os posts de um usuário",
          "fullFile": "",
          "file": "",
          "beforeHooks": [],
          "afterHooks": [],
          "tests": [
            {
              "title": "O componente <Posts /> deve renderizar apenas os posts do primeiro usuário",
              "fullTitle": "4 - Exiba os posts de um usuário O componente <Posts /> deve renderizar apenas os posts do primeiro usuário",
              "timedOut": null,
              "duration": 10457,
              "state": "failed",
              "speed": null,
              "pass": false,
              "fail": true,
              "pending": false,
              "context": null,
              "code": "setup('posts/1');\nconst othersPosts = _data.posts.filter(post => post.userId !== 1);\nothersPosts.forEach(post => {\n  cy.get('h1').should('not.contain', post.title);\n});\nconst userPosts = _data.posts.filter(post => post.userId === 1);\nuserPosts.forEach(post => {\n  cy.contains(post.title);\n});",
              "err": {
                "message": "AssertionError: Timed out retrying after 10000ms: Expected to find content: 'They rushed out the door.' but never did.",
                "estack": "AssertionError: Timed out retrying after 10000ms: Expected to find content: 'They rushed out the door.' but never did.\n    at eval (webpack://blogger/./cypress/e2e/App.cy.js:66:9)\nat Array.forEach (<anonymous>)\n    at Context.eval (webpack://blogger/./cypress/e2e/App.cy.js:65:14)",
                "diff": null
              },
              "uuid": "89d473b7-950c-41ed-9367-f14c8f105300",
              "parentUUID": "a46e2f83-cbe9-4e8b-af24-d0d7b142d277",
              "isHook": false,
              "skipped": false
            },
            {
              "title": "O componente <Posts /> deve renderizar os posts do usuário",
              "fullTitle": "4 - Exiba os posts de um usuário O componente <Posts /> deve renderizar os posts do usuário",
              "timedOut": null,
              "duration": 10314,
              "state": "failed",
              "speed": null,
              "pass": false,
              "fail": true,
              "pending": false,
              "context": null,
              "code": "_data.users.forEach(user => {\n  setup(`posts/${user.id}`);\n  const userPosts = _data.posts.filter(post => post.userId === user.id);\n  userPosts.forEach(post => {\n    cy.contains(post.title);\n  });\n});",
              "err": {
                "message": "AssertionError: Timed out retrying after 10000ms: Expected to find content: 'They rushed out the door.' but never did.",
                "estack": "AssertionError: Timed out retrying after 10000ms: Expected to find content: 'They rushed out the door.' but never did.\n    at eval (webpack://blogger/./cypress/e2e/App.cy.js:76:11)\nat Array.forEach (<anonymous>)\n    at eval (webpack://blogger/./cypress/e2e/App.cy.js:75:16)\nat Array.forEach (<anonymous>)\n    at Context.eval (webpack://blogger/./cypress/e2e/App.cy.js:71:10)",
                "diff": null
              },
              "uuid": "3edbc061-d616-4ff6-b50a-7d05fc6d2e58",
              "parentUUID": "a46e2f83-cbe9-4e8b-af24-d0d7b142d277",
              "isHook": false,
              "skipped": false
            }
          ],
          "suites": [],
          "passes": [],
          "failures": [
            "89d473b7-950c-41ed-9367-f14c8f105300",
            "3edbc061-d616-4ff6-b50a-7d05fc6d2e58"
          ],
          "pending": [],
          "skipped": [],
          "duration": 20771,
          "root": false,
          "rootEmpty": false,
          "_timeout": 2000
        }
      ],
      "passes": [],
      "failures": [],
      "pending": [],
      "skipped": [],
      "duration": 0,
      "root": true,
      "rootEmpty": true,
      "_timeout": 2000
    }
  ],
  "meta": {
    "mocha": {
      "version": "7.0.1"
    },
    "mochawesome": {
      "options": {
        "quiet": false,
        "reportFilename": "mochawesome",
        "saveHtml": false,
        "saveJson": true,
        "consoleReporter": "spec",
        "useInlineDiffs": false,
        "code": true
      },
      "version": "7.1.3"
    },
    "marge": {
      "options": {
        "id": "default",
        "reportDir": "cypress/reports",
        "overwrite": false,
        "html": false,
        "json": true
      },
      "version": "6.2.0"
    }
  }
}