{
  "stats": {
    "suites": 4,
    "tests": 8,
    "passes": 0,
    "pending": 0,
    "failures": 8,
    "start": "2024-01-30T17:52:59.631Z",
    "end": "2024-01-30T17:53:05.013Z",
    "duration": 5382,
    "testsRegistered": 9,
    "passPercent": 0,
    "pendingPercent": 0,
    "other": 0,
    "hasOther": false,
    "skipped": 1,
    "hasSkipped": true
  },
  "results": [
    {
      "uuid": "08f2678d-f7c8-439b-93a2-b48fdb7f964a",
      "title": "",
      "fullFile": "cypress/e2e/App.cy.js",
      "file": "cypress/e2e/App.cy.js",
      "beforeHooks": [],
      "afterHooks": [],
      "tests": [],
      "suites": [
        {
          "uuid": "9693dcb4-b0b0-4f8e-80c5-c81d7b7a78a9",
          "title": "1 - Crie as rotas para a aplicação",
          "fullFile": "",
          "file": "",
          "beforeHooks": [],
          "afterHooks": [],
          "tests": [
            {
              "title": "Ao entrar na rota / é renderizado apenas o componente <Users />",
              "fullTitle": "1 - Crie as rotas para a aplicação Ao entrar na rota / é renderizado apenas o componente <Users />",
              "timedOut": null,
              "duration": 635,
              "state": "failed",
              "speed": null,
              "pass": false,
              "fail": true,
              "pending": false,
              "context": null,
              "code": "setup();\ncy.get('[data-testid=\"users-page\"]').should('exist');\ncy.get('[data-testid$=\"-page\"]').should('have.length', 1);",
              "err": {
                "message": "CypressError: `cy.visit()` failed trying to load:\n\nhttp://localhost:5173/\n\nWe attempted to make an http request to this URL but the request failed without a response.\n\nWe received this error at the network level:\n\n  > Error: connect ECONNREFUSED 127.0.0.1:5173\n\nCommon situations why this would fail:\n  - you don't have internet access\n  - you forgot to run / boot your web server\n  - your web server isn't accessible\n  - you have weird network configuration settings on your computer",
                "estack": "CypressError: `cy.visit()` failed trying to load:\n\nhttp://localhost:5173/\n\nWe attempted to make an http request to this URL but the request failed without a response.\n\nWe received this error at the network level:\n\n  > Error: connect ECONNREFUSED 127.0.0.1:5173\n\nCommon situations why this would fail:\n  - you don't have internet access\n  - you forgot to run / boot your web server\n  - your web server isn't accessible\n  - you have weird network configuration settings on your computer\n    at <unknown> (http://localhost:32977/__cypress/runner/cypress_runner.js:130312:74)\n    at visitFailedByErr (http://localhost:32977/__cypress/runner/cypress_runner.js:129704:12)\n    at <unknown> (http://localhost:32977/__cypress/runner/cypress_runner.js:130311:11)\n    at tryCatcher (http://localhost:32977/__cypress/runner/cypress_runner.js:1807:23)\n    at Promise._settlePromiseFromHandler (http://localhost:32977/__cypress/runner/cypress_runner.js:1519:31)\n    at Promise._settlePromise (http://localhost:32977/__cypress/runner/cypress_runner.js:1576:18)\n    at Promise._settlePromise0 (http://localhost:32977/__cypress/runner/cypress_runner.js:1621:10)\n    at Promise._settlePromises (http://localhost:32977/__cypress/runner/cypress_runner.js:1697:18)\n    at _drainQueueStep (http://localhost:32977/__cypress/runner/cypress_runner.js:2407:12)\n    at _drainQueue (http://localhost:32977/__cypress/runner/cypress_runner.js:2400:9)\n    at Async._drainQueues (http://localhost:32977/__cypress/runner/cypress_runner.js:2416:5)\n    at Async.drainQueues (http://localhost:32977/__cypress/runner/cypress_runner.js:2286:14)\nFrom Your Spec Code:\n    at setup (webpack://blogger/./cypress/e2e/App.cy.js:4:5)\n    at Context.eval (webpack://blogger/./cypress/e2e/App.cy.js:9:4)\n\nFrom Node.js Internals:\n  Error: connect ECONNREFUSED 127.0.0.1:5173\n      at TCPConnectWrap.afterConnect [as oncomplete] (node:net:1187:16)",
                "diff": null
              },
              "uuid": "cc76c816-248a-44b9-b2d3-c8f3f2dde7ce",
              "parentUUID": "9693dcb4-b0b0-4f8e-80c5-c81d7b7a78a9",
              "isHook": false,
              "skipped": false
            },
            {
              "title": "Ao entrar na rota /about é renderizado apenas o componente <About />",
              "fullTitle": "1 - Crie as rotas para a aplicação Ao entrar na rota /about é renderizado apenas o componente <About />",
              "timedOut": null,
              "duration": 607,
              "state": "failed",
              "speed": null,
              "pass": false,
              "fail": true,
              "pending": false,
              "context": null,
              "code": "setup('about');\ncy.get('[data-testid=\"about-page\"]').should('exist');\ncy.get('[data-testid$=\"-page\"]').should('have.length', 1);",
              "err": {
                "message": "CypressError: `cy.visit()` failed trying to load:\n\nhttp://localhost:5173/about\n\nWe attempted to make an http request to this URL but the request failed without a response.\n\nWe received this error at the network level:\n\n  > Error: connect ECONNREFUSED 127.0.0.1:5173\n\nCommon situations why this would fail:\n  - you don't have internet access\n  - you forgot to run / boot your web server\n  - your web server isn't accessible\n  - you have weird network configuration settings on your computer",
                "estack": "CypressError: `cy.visit()` failed trying to load:\n\nhttp://localhost:5173/about\n\nWe attempted to make an http request to this URL but the request failed without a response.\n\nWe received this error at the network level:\n\n  > Error: connect ECONNREFUSED 127.0.0.1:5173\n\nCommon situations why this would fail:\n  - you don't have internet access\n  - you forgot to run / boot your web server\n  - your web server isn't accessible\n  - you have weird network configuration settings on your computer\n    at <unknown> (http://localhost:32977/__cypress/runner/cypress_runner.js:130312:74)\n    at visitFailedByErr (http://localhost:32977/__cypress/runner/cypress_runner.js:129704:12)\n    at <unknown> (http://localhost:32977/__cypress/runner/cypress_runner.js:130311:11)\n    at tryCatcher (http://localhost:32977/__cypress/runner/cypress_runner.js:1807:23)\n    at Promise._settlePromiseFromHandler (http://localhost:32977/__cypress/runner/cypress_runner.js:1519:31)\n    at Promise._settlePromise (http://localhost:32977/__cypress/runner/cypress_runner.js:1576:18)\n    at Promise._settlePromise0 (http://localhost:32977/__cypress/runner/cypress_runner.js:1621:10)\n    at Promise._settlePromises (http://localhost:32977/__cypress/runner/cypress_runner.js:1697:18)\n    at _drainQueueStep (http://localhost:32977/__cypress/runner/cypress_runner.js:2407:12)\n    at _drainQueue (http://localhost:32977/__cypress/runner/cypress_runner.js:2400:9)\n    at Async._drainQueues (http://localhost:32977/__cypress/runner/cypress_runner.js:2416:5)\n    at Async.drainQueues (http://localhost:32977/__cypress/runner/cypress_runner.js:2286:14)\nFrom Your Spec Code:\n    at setup (webpack://blogger/./cypress/e2e/App.cy.js:4:5)\n    at Context.eval (webpack://blogger/./cypress/e2e/App.cy.js:15:4)\n\nFrom Node.js Internals:\n  Error: connect ECONNREFUSED 127.0.0.1:5173\n      at TCPConnectWrap.afterConnect [as oncomplete] (node:net:1187:16)",
                "diff": null
              },
              "uuid": "d216a69f-7ca5-41fb-a9d4-5bd6b70df852",
              "parentUUID": "9693dcb4-b0b0-4f8e-80c5-c81d7b7a78a9",
              "isHook": false,
              "skipped": false
            },
            {
              "title": "Ao entrar na rota /posts é renderizado apenas o componente <Posts />",
              "fullTitle": "1 - Crie as rotas para a aplicação Ao entrar na rota /posts é renderizado apenas o componente <Posts />",
              "timedOut": null,
              "duration": 586,
              "state": "failed",
              "speed": null,
              "pass": false,
              "fail": true,
              "pending": false,
              "context": null,
              "code": "setup('posts/id');\ncy.get('[data-testid=\"posts-page\"]').should('exist');\ncy.get('[data-testid$=\"-page\"]').should('have.length', 1);",
              "err": {
                "message": "CypressError: `cy.visit()` failed trying to load:\n\nhttp://localhost:5173/posts/id\n\nWe attempted to make an http request to this URL but the request failed without a response.\n\nWe received this error at the network level:\n\n  > Error: connect ECONNREFUSED 127.0.0.1:5173\n\nCommon situations why this would fail:\n  - you don't have internet access\n  - you forgot to run / boot your web server\n  - your web server isn't accessible\n  - you have weird network configuration settings on your computer",
                "estack": "CypressError: `cy.visit()` failed trying to load:\n\nhttp://localhost:5173/posts/id\n\nWe attempted to make an http request to this URL but the request failed without a response.\n\nWe received this error at the network level:\n\n  > Error: connect ECONNREFUSED 127.0.0.1:5173\n\nCommon situations why this would fail:\n  - you don't have internet access\n  - you forgot to run / boot your web server\n  - your web server isn't accessible\n  - you have weird network configuration settings on your computer\n    at <unknown> (http://localhost:32977/__cypress/runner/cypress_runner.js:130312:74)\n    at visitFailedByErr (http://localhost:32977/__cypress/runner/cypress_runner.js:129704:12)\n    at <unknown> (http://localhost:32977/__cypress/runner/cypress_runner.js:130311:11)\n    at tryCatcher (http://localhost:32977/__cypress/runner/cypress_runner.js:1807:23)\n    at Promise._settlePromiseFromHandler (http://localhost:32977/__cypress/runner/cypress_runner.js:1519:31)\n    at Promise._settlePromise (http://localhost:32977/__cypress/runner/cypress_runner.js:1576:18)\n    at Promise._settlePromise0 (http://localhost:32977/__cypress/runner/cypress_runner.js:1621:10)\n    at Promise._settlePromises (http://localhost:32977/__cypress/runner/cypress_runner.js:1697:18)\n    at _drainQueueStep (http://localhost:32977/__cypress/runner/cypress_runner.js:2407:12)\n    at _drainQueue (http://localhost:32977/__cypress/runner/cypress_runner.js:2400:9)\n    at Async._drainQueues (http://localhost:32977/__cypress/runner/cypress_runner.js:2416:5)\n    at Async.drainQueues (http://localhost:32977/__cypress/runner/cypress_runner.js:2286:14)\nFrom Your Spec Code:\n    at setup (webpack://blogger/./cypress/e2e/App.cy.js:4:5)\n    at Context.eval (webpack://blogger/./cypress/e2e/App.cy.js:21:4)\n\nFrom Node.js Internals:\n  Error: connect ECONNREFUSED 127.0.0.1:5173\n      at TCPConnectWrap.afterConnect [as oncomplete] (node:net:1187:16)",
                "diff": null
              },
              "uuid": "9aa3a484-1d59-461c-9557-811d00d11b5e",
              "parentUUID": "9693dcb4-b0b0-4f8e-80c5-c81d7b7a78a9",
              "isHook": false,
              "skipped": false
            },
            {
              "title": "Ao entrar em uma rota não existente é renderizado o componente <NotFound />",
              "fullTitle": "1 - Crie as rotas para a aplicação Ao entrar em uma rota não existente é renderizado o componente <NotFound />",
              "timedOut": null,
              "duration": 642,
              "state": "failed",
              "speed": null,
              "pass": false,
              "fail": true,
              "pending": false,
              "context": null,
              "code": "setup('not-found');\ncy.get('[data-testid=\"not-found-page\"]').should('exist');\ncy.get('[data-testid$=\"-page\"]').should('have.length', 1);",
              "err": {
                "message": "CypressError: `cy.visit()` failed trying to load:\n\nhttp://localhost:5173/not-found\n\nWe attempted to make an http request to this URL but the request failed without a response.\n\nWe received this error at the network level:\n\n  > Error: connect ECONNREFUSED 127.0.0.1:5173\n\nCommon situations why this would fail:\n  - you don't have internet access\n  - you forgot to run / boot your web server\n  - your web server isn't accessible\n  - you have weird network configuration settings on your computer",
                "estack": "CypressError: `cy.visit()` failed trying to load:\n\nhttp://localhost:5173/not-found\n\nWe attempted to make an http request to this URL but the request failed without a response.\n\nWe received this error at the network level:\n\n  > Error: connect ECONNREFUSED 127.0.0.1:5173\n\nCommon situations why this would fail:\n  - you don't have internet access\n  - you forgot to run / boot your web server\n  - your web server isn't accessible\n  - you have weird network configuration settings on your computer\n    at <unknown> (http://localhost:32977/__cypress/runner/cypress_runner.js:130312:74)\n    at visitFailedByErr (http://localhost:32977/__cypress/runner/cypress_runner.js:129704:12)\n    at <unknown> (http://localhost:32977/__cypress/runner/cypress_runner.js:130311:11)\n    at tryCatcher (http://localhost:32977/__cypress/runner/cypress_runner.js:1807:23)\n    at Promise._settlePromiseFromHandler (http://localhost:32977/__cypress/runner/cypress_runner.js:1519:31)\n    at Promise._settlePromise (http://localhost:32977/__cypress/runner/cypress_runner.js:1576:18)\n    at Promise._settlePromise0 (http://localhost:32977/__cypress/runner/cypress_runner.js:1621:10)\n    at Promise._settlePromises (http://localhost:32977/__cypress/runner/cypress_runner.js:1697:18)\n    at _drainQueueStep (http://localhost:32977/__cypress/runner/cypress_runner.js:2407:12)\n    at _drainQueue (http://localhost:32977/__cypress/runner/cypress_runner.js:2400:9)\n    at Async._drainQueues (http://localhost:32977/__cypress/runner/cypress_runner.js:2416:5)\n    at Async.drainQueues (http://localhost:32977/__cypress/runner/cypress_runner.js:2286:14)\nFrom Your Spec Code:\n    at setup (webpack://blogger/./cypress/e2e/App.cy.js:4:5)\n    at Context.eval (webpack://blogger/./cypress/e2e/App.cy.js:27:4)\n\nFrom Node.js Internals:\n  Error: connect ECONNREFUSED 127.0.0.1:5173\n      at TCPConnectWrap.afterConnect [as oncomplete] (node:net:1187:16)",
                "diff": null
              },
              "uuid": "3c7190ae-52ea-4143-ba54-64524cfaf521",
              "parentUUID": "9693dcb4-b0b0-4f8e-80c5-c81d7b7a78a9",
              "isHook": false,
              "skipped": false
            }
          ],
          "suites": [],
          "passes": [],
          "failures": [
            "cc76c816-248a-44b9-b2d3-c8f3f2dde7ce",
            "d216a69f-7ca5-41fb-a9d4-5bd6b70df852",
            "9aa3a484-1d59-461c-9557-811d00d11b5e",
            "3c7190ae-52ea-4143-ba54-64524cfaf521"
          ],
          "pending": [],
          "skipped": [],
          "duration": 2470,
          "root": false,
          "rootEmpty": false,
          "_timeout": 2000
        },
        {
          "uuid": "76c6bfe7-bc9e-4540-bd07-39b4a8b80442",
          "title": "2- Crie dois NavLink dentro do componente Header",
          "fullFile": "",
          "file": "",
          "beforeHooks": [],
          "afterHooks": [],
          "tests": [
            {
              "title": "O primeiro NavLink deve possuir o texto \"Home\" e a rota \"/\"",
              "fullTitle": "2- Crie dois NavLink dentro do componente Header O primeiro NavLink deve possuir o texto \"Home\" e a rota \"/\"",
              "timedOut": null,
              "duration": 610,
              "state": "failed",
              "speed": null,
              "pass": false,
              "fail": true,
              "pending": false,
              "context": null,
              "code": "cy.get('a').contains(/home/i).should('have.attr', 'href', '/');",
              "err": {
                "message": "CypressError: `cy.visit()` failed trying to load:\n\nhttp://localhost:5173/\n\nWe attempted to make an http request to this URL but the request failed without a response.\n\nWe received this error at the network level:\n\n  > Error: connect ECONNREFUSED 127.0.0.1:5173\n\nCommon situations why this would fail:\n  - you don't have internet access\n  - you forgot to run / boot your web server\n  - your web server isn't accessible\n  - you have weird network configuration settings on your computer\n\nBecause this error occurred during a `before each` hook we are skipping the remaining tests in the current suite: `2- Crie dois NavLink dentro...`",
                "estack": "CypressError: `cy.visit()` failed trying to load:\n\nhttp://localhost:5173/\n\nWe attempted to make an http request to this URL but the request failed without a response.\n\nWe received this error at the network level:\n\n  > Error: connect ECONNREFUSED 127.0.0.1:5173\n\nCommon situations why this would fail:\n  - you don't have internet access\n  - you forgot to run / boot your web server\n  - your web server isn't accessible\n  - you have weird network configuration settings on your computer\n\nBecause this error occurred during a `before each` hook we are skipping the remaining tests in the current suite: `2- Crie dois NavLink dentro...`\n    at <unknown> (http://localhost:32977/__cypress/runner/cypress_runner.js:130312:74)\n    at visitFailedByErr (http://localhost:32977/__cypress/runner/cypress_runner.js:129704:12)\n    at <unknown> (http://localhost:32977/__cypress/runner/cypress_runner.js:130311:11)\n    at tryCatcher (http://localhost:32977/__cypress/runner/cypress_runner.js:1807:23)\n    at Promise._settlePromiseFromHandler (http://localhost:32977/__cypress/runner/cypress_runner.js:1519:31)\n    at Promise._settlePromise (http://localhost:32977/__cypress/runner/cypress_runner.js:1576:18)\n    at Promise._settlePromise0 (http://localhost:32977/__cypress/runner/cypress_runner.js:1621:10)\n    at Promise._settlePromises (http://localhost:32977/__cypress/runner/cypress_runner.js:1697:18)\n    at _drainQueueStep (http://localhost:32977/__cypress/runner/cypress_runner.js:2407:12)\n    at _drainQueue (http://localhost:32977/__cypress/runner/cypress_runner.js:2400:9)\n    at Async._drainQueues (http://localhost:32977/__cypress/runner/cypress_runner.js:2416:5)\n    at Async.drainQueues (http://localhost:32977/__cypress/runner/cypress_runner.js:2286:14)\nFrom Your Spec Code:\n    at Context.setup (webpack://blogger/./cypress/e2e/App.cy.js:4:5)\n\nFrom Node.js Internals:\n  Error: connect ECONNREFUSED 127.0.0.1:5173\n      at TCPConnectWrap.afterConnect [as oncomplete] (node:net:1187:16)",
                "diff": null
              },
              "uuid": "e644cf45-3f12-407b-a36b-3e90774e7c85",
              "parentUUID": "76c6bfe7-bc9e-4540-bd07-39b4a8b80442",
              "isHook": false,
              "skipped": false
            },
            {
              "title": "O segundo NavLink deve possuir o texto \"About\" e a rota \"/about\"",
              "fullTitle": "2- Crie dois NavLink dentro do componente Header O segundo NavLink deve possuir o texto \"About\" e a rota \"/about\"",
              "timedOut": null,
              "duration": 0,
              "state": "skipped",
              "speed": null,
              "pass": false,
              "fail": false,
              "pending": false,
              "context": null,
              "code": "cy.get('a').contains(/about/i).should('have.attr', 'href', '/about');",
              "err": {},
              "uuid": "ae89a04b-4fd4-42e8-8b7d-583bef29dd3c",
              "parentUUID": "76c6bfe7-bc9e-4540-bd07-39b4a8b80442",
              "isHook": false,
              "skipped": true
            }
          ],
          "suites": [],
          "passes": [],
          "failures": [
            "e644cf45-3f12-407b-a36b-3e90774e7c85"
          ],
          "pending": [],
          "skipped": [
            "ae89a04b-4fd4-42e8-8b7d-583bef29dd3c"
          ],
          "duration": 610,
          "root": false,
          "rootEmpty": false,
          "_timeout": 2000
        },
        {
          "uuid": "bf0b2764-3da7-4fa4-91fe-9b39939b75f6",
          "title": "3 - Crie um link para a página de posts de um usuário",
          "fullFile": "",
          "file": "",
          "beforeHooks": [],
          "afterHooks": [],
          "tests": [
            {
              "title": "O link deve possuir o texto \"Posts\" e a rota \"/posts/id\"",
              "fullTitle": "3 - Crie um link para a página de posts de um usuário O link deve possuir o texto \"Posts\" e a rota \"/posts/id\"",
              "timedOut": null,
              "duration": 635,
              "state": "failed",
              "speed": null,
              "pass": false,
              "fail": true,
              "pending": false,
              "context": null,
              "code": "for (let id = 1; id <= _data.users.length; id++) {\n  cy.get(`a[href=\"/posts/${id}\"]`).should('exist');\n}",
              "err": {
                "message": "CypressError: `cy.visit()` failed trying to load:\n\nhttp://localhost:5173/\n\nWe attempted to make an http request to this URL but the request failed without a response.\n\nWe received this error at the network level:\n\n  > Error: connect ECONNREFUSED 127.0.0.1:5173\n\nCommon situations why this would fail:\n  - you don't have internet access\n  - you forgot to run / boot your web server\n  - your web server isn't accessible\n  - you have weird network configuration settings on your computer\n\nBecause this error occurred during a `before each` hook we are skipping the remaining tests in the current suite: `3 - Crie um link para a pág...`",
                "estack": "CypressError: `cy.visit()` failed trying to load:\n\nhttp://localhost:5173/\n\nWe attempted to make an http request to this URL but the request failed without a response.\n\nWe received this error at the network level:\n\n  > Error: connect ECONNREFUSED 127.0.0.1:5173\n\nCommon situations why this would fail:\n  - you don't have internet access\n  - you forgot to run / boot your web server\n  - your web server isn't accessible\n  - you have weird network configuration settings on your computer\n\nBecause this error occurred during a `before each` hook we are skipping the remaining tests in the current suite: `3 - Crie um link para a pág...`\n    at <unknown> (http://localhost:32977/__cypress/runner/cypress_runner.js:130312:74)\n    at visitFailedByErr (http://localhost:32977/__cypress/runner/cypress_runner.js:129704:12)\n    at <unknown> (http://localhost:32977/__cypress/runner/cypress_runner.js:130311:11)\n    at tryCatcher (http://localhost:32977/__cypress/runner/cypress_runner.js:1807:23)\n    at Promise._settlePromiseFromHandler (http://localhost:32977/__cypress/runner/cypress_runner.js:1519:31)\n    at Promise._settlePromise (http://localhost:32977/__cypress/runner/cypress_runner.js:1576:18)\n    at Promise._settlePromise0 (http://localhost:32977/__cypress/runner/cypress_runner.js:1621:10)\n    at Promise._settlePromises (http://localhost:32977/__cypress/runner/cypress_runner.js:1697:18)\n    at _drainQueueStep (http://localhost:32977/__cypress/runner/cypress_runner.js:2407:12)\n    at _drainQueue (http://localhost:32977/__cypress/runner/cypress_runner.js:2400:9)\n    at Async._drainQueues (http://localhost:32977/__cypress/runner/cypress_runner.js:2416:5)\n    at Async.drainQueues (http://localhost:32977/__cypress/runner/cypress_runner.js:2286:14)\nFrom Your Spec Code:\n    at Context.setup (webpack://blogger/./cypress/e2e/App.cy.js:4:5)\n\nFrom Node.js Internals:\n  Error: connect ECONNREFUSED 127.0.0.1:5173\n      at TCPConnectWrap.afterConnect [as oncomplete] (node:net:1187:16)",
                "diff": null
              },
              "uuid": "e249189b-02cf-4377-bb36-4452c46347bb",
              "parentUUID": "bf0b2764-3da7-4fa4-91fe-9b39939b75f6",
              "isHook": false,
              "skipped": false
            }
          ],
          "suites": [],
          "passes": [],
          "failures": [
            "e249189b-02cf-4377-bb36-4452c46347bb"
          ],
          "pending": [],
          "skipped": [],
          "duration": 635,
          "root": false,
          "rootEmpty": false,
          "_timeout": 2000
        },
        {
          "uuid": "8a70f7a4-395a-403a-8d34-018f4912d379",
          "title": "4 - Exiba os posts de um usuário",
          "fullFile": "",
          "file": "",
          "beforeHooks": [],
          "afterHooks": [],
          "tests": [
            {
              "title": "O componente <Posts /> deve renderizar apenas os posts do primeiro usuário",
              "fullTitle": "4 - Exiba os posts de um usuário O componente <Posts /> deve renderizar apenas os posts do primeiro usuário",
              "timedOut": null,
              "duration": 622,
              "state": "failed",
              "speed": null,
              "pass": false,
              "fail": true,
              "pending": false,
              "context": null,
              "code": "setup('posts/1');\nconst othersPosts = _data.posts.filter(post => post.userId !== 1);\nothersPosts.forEach(post => {\n  cy.get('h1').should('not.contain', post.title);\n});\nconst userPosts = _data.posts.filter(post => post.userId === 1);\nuserPosts.forEach(post => {\n  cy.contains(post.title);\n});",
              "err": {
                "message": "CypressError: `cy.visit()` failed trying to load:\n\nhttp://localhost:5173/posts/1\n\nWe attempted to make an http request to this URL but the request failed without a response.\n\nWe received this error at the network level:\n\n  > Error: connect ECONNREFUSED 127.0.0.1:5173\n\nCommon situations why this would fail:\n  - you don't have internet access\n  - you forgot to run / boot your web server\n  - your web server isn't accessible\n  - you have weird network configuration settings on your computer",
                "estack": "CypressError: `cy.visit()` failed trying to load:\n\nhttp://localhost:5173/posts/1\n\nWe attempted to make an http request to this URL but the request failed without a response.\n\nWe received this error at the network level:\n\n  > Error: connect ECONNREFUSED 127.0.0.1:5173\n\nCommon situations why this would fail:\n  - you don't have internet access\n  - you forgot to run / boot your web server\n  - your web server isn't accessible\n  - you have weird network configuration settings on your computer\n    at <unknown> (http://localhost:32977/__cypress/runner/cypress_runner.js:130312:74)\n    at visitFailedByErr (http://localhost:32977/__cypress/runner/cypress_runner.js:129704:12)\n    at <unknown> (http://localhost:32977/__cypress/runner/cypress_runner.js:130311:11)\n    at tryCatcher (http://localhost:32977/__cypress/runner/cypress_runner.js:1807:23)\n    at Promise._settlePromiseFromHandler (http://localhost:32977/__cypress/runner/cypress_runner.js:1519:31)\n    at Promise._settlePromise (http://localhost:32977/__cypress/runner/cypress_runner.js:1576:18)\n    at Promise._settlePromise0 (http://localhost:32977/__cypress/runner/cypress_runner.js:1621:10)\n    at Promise._settlePromises (http://localhost:32977/__cypress/runner/cypress_runner.js:1697:18)\n    at _drainQueueStep (http://localhost:32977/__cypress/runner/cypress_runner.js:2407:12)\n    at _drainQueue (http://localhost:32977/__cypress/runner/cypress_runner.js:2400:9)\n    at Async._drainQueues (http://localhost:32977/__cypress/runner/cypress_runner.js:2416:5)\n    at Async.drainQueues (http://localhost:32977/__cypress/runner/cypress_runner.js:2286:14)\nFrom Your Spec Code:\n    at setup (webpack://blogger/./cypress/e2e/App.cy.js:4:5)\n    at Context.eval (webpack://blogger/./cypress/e2e/App.cy.js:57:4)\n\nFrom Node.js Internals:\n  Error: connect ECONNREFUSED 127.0.0.1:5173\n      at TCPConnectWrap.afterConnect [as oncomplete] (node:net:1187:16)",
                "diff": null
              },
              "uuid": "f3844c65-de0f-468c-b990-f498d106ebb0",
              "parentUUID": "8a70f7a4-395a-403a-8d34-018f4912d379",
              "isHook": false,
              "skipped": false
            },
            {
              "title": "O componente <Posts /> deve renderizar os posts do usuário",
              "fullTitle": "4 - Exiba os posts de um usuário O componente <Posts /> deve renderizar os posts do usuário",
              "timedOut": null,
              "duration": 631,
              "state": "failed",
              "speed": null,
              "pass": false,
              "fail": true,
              "pending": false,
              "context": null,
              "code": "_data.users.forEach(user => {\n  setup(`posts/${user.id}`);\n  const userPosts = _data.posts.filter(post => post.userId === user.id);\n  userPosts.forEach(post => {\n    cy.contains(post.title);\n  });\n});",
              "err": {
                "message": "CypressError: `cy.visit()` failed trying to load:\n\nhttp://localhost:5173/posts/1\n\nWe attempted to make an http request to this URL but the request failed without a response.\n\nWe received this error at the network level:\n\n  > Error: connect ECONNREFUSED 127.0.0.1:5173\n\nCommon situations why this would fail:\n  - you don't have internet access\n  - you forgot to run / boot your web server\n  - your web server isn't accessible\n  - you have weird network configuration settings on your computer",
                "estack": "CypressError: `cy.visit()` failed trying to load:\n\nhttp://localhost:5173/posts/1\n\nWe attempted to make an http request to this URL but the request failed without a response.\n\nWe received this error at the network level:\n\n  > Error: connect ECONNREFUSED 127.0.0.1:5173\n\nCommon situations why this would fail:\n  - you don't have internet access\n  - you forgot to run / boot your web server\n  - your web server isn't accessible\n  - you have weird network configuration settings on your computer\n    at <unknown> (http://localhost:32977/__cypress/runner/cypress_runner.js:130312:74)\n    at visitFailedByErr (http://localhost:32977/__cypress/runner/cypress_runner.js:129704:12)\n    at <unknown> (http://localhost:32977/__cypress/runner/cypress_runner.js:130311:11)\n    at tryCatcher (http://localhost:32977/__cypress/runner/cypress_runner.js:1807:23)\n    at Promise._settlePromiseFromHandler (http://localhost:32977/__cypress/runner/cypress_runner.js:1519:31)\n    at Promise._settlePromise (http://localhost:32977/__cypress/runner/cypress_runner.js:1576:18)\n    at Promise._settlePromise0 (http://localhost:32977/__cypress/runner/cypress_runner.js:1621:10)\n    at Promise._settlePromises (http://localhost:32977/__cypress/runner/cypress_runner.js:1697:18)\n    at _drainQueueStep (http://localhost:32977/__cypress/runner/cypress_runner.js:2407:12)\n    at _drainQueue (http://localhost:32977/__cypress/runner/cypress_runner.js:2400:9)\n    at Async._drainQueues (http://localhost:32977/__cypress/runner/cypress_runner.js:2416:5)\n    at Async.drainQueues (http://localhost:32977/__cypress/runner/cypress_runner.js:2286:14)\nFrom Your Spec Code:\n    at setup (webpack://blogger/./cypress/e2e/App.cy.js:4:5)\n    at eval (webpack://blogger/./cypress/e2e/App.cy.js:72:6)\nat Array.forEach (<anonymous>)\n    at Context.eval (webpack://blogger/./cypress/e2e/App.cy.js:71:10)\n\nFrom Node.js Internals:\n  Error: connect ECONNREFUSED 127.0.0.1:5173\n      at TCPConnectWrap.afterConnect [as oncomplete] (node:net:1187:16)",
                "diff": null
              },
              "uuid": "25e85ccd-863c-44a5-8fae-c95a180a7b6a",
              "parentUUID": "8a70f7a4-395a-403a-8d34-018f4912d379",
              "isHook": false,
              "skipped": false
            }
          ],
          "suites": [],
          "passes": [],
          "failures": [
            "f3844c65-de0f-468c-b990-f498d106ebb0",
            "25e85ccd-863c-44a5-8fae-c95a180a7b6a"
          ],
          "pending": [],
          "skipped": [],
          "duration": 1253,
          "root": false,
          "rootEmpty": false,
          "_timeout": 2000
        }
      ],
      "passes": [],
      "failures": [],
      "pending": [],
      "skipped": [],
      "duration": 0,
      "root": true,
      "rootEmpty": true,
      "_timeout": 2000
    }
  ],
  "meta": {
    "mocha": {
      "version": "7.0.1"
    },
    "mochawesome": {
      "options": {
        "quiet": false,
        "reportFilename": "mochawesome",
        "saveHtml": false,
        "saveJson": true,
        "consoleReporter": "spec",
        "useInlineDiffs": false,
        "code": true
      },
      "version": "7.1.3"
    },
    "marge": {
      "options": {
        "id": "default",
        "reportDir": "cypress/reports",
        "overwrite": false,
        "html": false,
        "json": true
      },
      "version": "6.2.0"
    }
  }
}